<?xml version="1.0" encoding="UTF-8"?>
<!-- Generated by org.testng.reporters.JUnitXMLReporter -->
<testsuite hostname="DESKTOP-KGFJJ8B" ignored="0" name="home page test" tests="4" failures="0" timestamp="01 Mar 2021 00:01:52 GMT" time="3.448" errors="0">
  <testcase name="buyItemOneTest" time="0.126" classname="saucedemo.tests.ProductPageTest"/>
  <testcase name="buyItemTwoTest" time="0.118" classname="saucedemo.tests.ProductPageTest"/>
  <testcase name="verifyYourCartTest" time="0.047" classname="saucedemo.tests.ProductPageTest"/>
  <testcase name="verifyProductPageTitleTest" time="0.004" classname="saucedemo.tests.ProductPageTest"/>
</testsuite> <!-- home page test -->
