<?xml version="1.0" encoding="UTF-8"?>
<!-- Generated by org.testng.reporters.JUnitXMLReporter -->
<testsuite hostname="DESKTOP-KGFJJ8B" ignored="0" name="Default test" tests="4" failures="0" timestamp="28 Feb 2021 23:42:29 GMT" time="3.866" errors="0">
  <testcase name="buyItemOneTest" time="0.059" classname="saucedemo.tests.ProductPageTest"/>
  <testcase name="buyItemTwoTest" time="0.053" classname="saucedemo.tests.ProductPageTest"/>
  <testcase name="verifyYourCartTest" time="0.034" classname="saucedemo.tests.ProductPageTest"/>
  <testcase name="verifyProductPageTitleTest" time="0.008" classname="saucedemo.tests.ProductPageTest"/>
</testsuite> <!-- Default test -->
