<?xml version="1.0" encoding="UTF-8"?>
<testng-results skipped="0" failed="0" ignored="0" total="6" passed="6">
  <reporter-output>
  </reporter-output>
  <suite name="SaucedemoAutomation suite" duration-ms="7133" started-at="2021-03-01T00:01:45Z" finished-at="2021-03-01T00:01:52Z">
    <groups>
    </groups>
    <test name="login page test" duration-ms="3661" started-at="2021-03-01T00:01:45Z" finished-at="2021-03-01T00:01:49Z">
      <class name="saucedemo.tests.LoginPageTest">
        <test-method status="PASS" signature="openBrowser()[pri:0, instance:saucedemo.tests.LoginPageTest@6a41eaa2]" name="openBrowser" is-config="true" duration-ms="3217" started-at="2021-03-01T00:01:45Z" finished-at="2021-03-01T00:01:48Z">
          <reporter-output>
          </reporter-output>
        </test-method> <!-- openBrowser -->
        <test-method status="PASS" signature="VerifyLoginPageTest()[pri:0, instance:saucedemo.tests.LoginPageTest@6a41eaa2]" name="VerifyLoginPageTest" duration-ms="291" started-at="2021-03-01T00:01:48Z" finished-at="2021-03-01T00:01:48Z">
          <reporter-output>
          </reporter-output>
        </test-method> <!-- VerifyLoginPageTest -->
        <test-method status="PASS" signature="VerifyLoginPageTitleTest()[pri:1, instance:saucedemo.tests.LoginPageTest@6a41eaa2]" name="VerifyLoginPageTitleTest" duration-ms="12" started-at="2021-03-01T00:01:48Z" finished-at="2021-03-01T00:01:48Z">
          <reporter-output>
          </reporter-output>
        </test-method> <!-- VerifyLoginPageTitleTest -->
        <test-method status="PASS" signature="closeBrowser()[pri:0, instance:saucedemo.tests.LoginPageTest@6a41eaa2]" name="closeBrowser" is-config="true" duration-ms="123" started-at="2021-03-01T00:01:48Z" finished-at="2021-03-01T00:01:49Z">
          <reporter-output>
          </reporter-output>
        </test-method> <!-- closeBrowser -->
      </class> <!-- saucedemo.tests.LoginPageTest -->
    </test> <!-- login page test -->
    <test name="home page test" duration-ms="3448" started-at="2021-03-01T00:01:49Z" finished-at="2021-03-01T00:01:52Z">
      <class name="saucedemo.tests.ProductPageTest">
        <test-method status="PASS" signature="openBrowser()[pri:0, instance:saucedemo.tests.ProductPageTest@4cf777e8]" name="openBrowser" is-config="true" duration-ms="3036" started-at="2021-03-01T00:01:49Z" finished-at="2021-03-01T00:01:52Z">
          <reporter-output>
          </reporter-output>
        </test-method> <!-- openBrowser -->
        <test-method status="PASS" signature="buyItemOneTest()[pri:0, instance:saucedemo.tests.ProductPageTest@4cf777e8]" name="buyItemOneTest" duration-ms="126" started-at="2021-03-01T00:01:52Z" finished-at="2021-03-01T00:01:52Z">
          <reporter-output>
          </reporter-output>
        </test-method> <!-- buyItemOneTest -->
        <test-method status="PASS" signature="buyItemTwoTest()[pri:1, instance:saucedemo.tests.ProductPageTest@4cf777e8]" name="buyItemTwoTest" duration-ms="118" started-at="2021-03-01T00:01:52Z" finished-at="2021-03-01T00:01:52Z">
          <reporter-output>
          </reporter-output>
        </test-method> <!-- buyItemTwoTest -->
        <test-method status="PASS" signature="verifyYourCartTest()[pri:2, instance:saucedemo.tests.ProductPageTest@4cf777e8]" name="verifyYourCartTest" duration-ms="47" started-at="2021-03-01T00:01:52Z" finished-at="2021-03-01T00:01:52Z">
          <reporter-output>
          </reporter-output>
        </test-method> <!-- verifyYourCartTest -->
        <test-method status="PASS" signature="verifyProductPageTitleTest()[pri:3, instance:saucedemo.tests.ProductPageTest@4cf777e8]" name="verifyProductPageTitleTest" duration-ms="4" started-at="2021-03-01T00:01:52Z" finished-at="2021-03-01T00:01:52Z">
          <reporter-output>
          </reporter-output>
        </test-method> <!-- verifyProductPageTitleTest -->
        <test-method status="PASS" signature="closeBrowser()[pri:0, instance:saucedemo.tests.ProductPageTest@4cf777e8]" name="closeBrowser" is-config="true" duration-ms="112" started-at="2021-03-01T00:01:52Z" finished-at="2021-03-01T00:01:52Z">
          <reporter-output>
          </reporter-output>
        </test-method> <!-- closeBrowser -->
      </class> <!-- saucedemo.tests.ProductPageTest -->
    </test> <!-- home page test -->
  </suite> <!-- SaucedemoAutomation suite -->
</testng-results>
